ERROR 05/01/18 12:39:25.053821 new: main: main.cpp:62 : error test1
ERROR 05/01/18 12:39:25.054866 new: main: main.cpp:76 : error test1 and test2
DEBUG 05/01/18 12:39:25.054942 new: main: main.cpp:79 : debug test1 and test2
DEBUG 05/01/18 12:39:25.054968 new: main: main.cpp:80 : debug test1 and test2
DEBUG 2018/05/01 12:39:25.055689 new: 7F62B9B40700: test in thread0
DEBUG 2018/05/01 12:39:25.056126 new: 7F62B3FF0700: test in thread2
DEBUG 2018/05/01 12:39:25.056371 new: 7F62B3FF0700: test in thread2
DEBUG 2018/05/01 12:39:25.056256 new: 7F62B9B40700: test in thread0
DEBUG 2018/05/01 12:39:25.056458 new: 7F62B9B40700: test in thread0
DEBUG 2018/05/01 12:39:25.056311 new: 7F62B8B20700: test in thread3
DEBUG 2018/05/01 12:39:25.056540 new: 7F62B8B20700: test in thread3
DEBUG 2018/05/01 12:39:25.056402 new: 7F62B3FF0700: test in thread2
DEBUG 2018/05/01 12:39:25.056599 new: 7F62B3FF0700: test in thread2
DEBUG 2018/05/01 12:39:25.056629 new: 7F62B3FF0700: test in thread2
DEBUG 2018/05/01 12:39:25.056565 new: 7F62B8B20700: test in thread3
DEBUG 2018/05/01 12:39:25.056687 new: 7F62B8B20700: test in thread3
DEBUG 2018/05/01 12:39:25.056707 new: 7F62B8B20700: test in thread3
DEBUG 2018/05/01 12:39:25.056489 new: 7F62B9B40700: test in thread0
DEBUG 2018/05/01 12:39:25.055704 new: 7F62B9330700: test in thread1
DEBUG 2018/05/01 12:39:25.056778 new: 7F62B9B40700: test in thread0
DEBUG 2018/05/01 12:39:25.056808 new: 7F62B9330700: test in thread1
DEBUG 2018/05/01 12:39:25.056903 new: 7F62B9330700: test in thread1
DEBUG 2018/05/01 12:39:25.056927 new: 7F62B9330700: test in thread1
DEBUG 2018/05/01 12:39:25.056947 new: 7F62B9330700: test in thread1
